<?xml version="1.0" encoding="UTF-8"?>
<testsuite name="TestSuite" time="0.022" tests="13" errors="0" skipped="0" failures="0">
  <properties>
[...]
</properties>
  <testcase name="checkResponseBody" classname="com.employee.testCases.TC005_Delete_Employee_Record" time="0.01"/>
  <testcase name="checkStatusCode" classname="com.employee.testCases.TC005_Delete_Employee_Record" time="0"/>
  <testcase name="checkResponseBody" classname="com.employee.testCases.TC004_Put_Employee_Record" time="0"/>
  <testcase name="checkStatusCode" classname="com.employee.testCases.TC004_Put_Employee_Record" time="0"/>
  <testcase name="checkStatusLine" classname="com.employee.testCases.TC004_Put_Employee_Record" time="0"/>
  <testcase name="checkResponseBody" classname="com.employee.testCases.TC001_Get_All_Employees" time="0.006"/>
  <testcase name="checkResponseTime" classname="com.employee.testCases.TC001_Get_All_Employees" time="0.001"/>
  <testcase name="checkStatusCode" classname="com.employee.testCases.TC001_Get_All_Employees" time="0.001"/>
  <testcase name="checkResponseBody" classname="com.employee.testCases.TC002_Get_Single_Employee_Record" time="0.001"/>
  <testcase name="checkResponseTime" classname="com.employee.testCases.TC002_Get_Single_Employee_Record" time="0.001"/>
  <testcase name="checkStatusCode" classname="com.employee.testCases.TC002_Get_Single_Employee_Record" time="0.001"/>
  <testcase name="checkResponseBody" classname="com.employee.testCases.TC003_Post_Employee_Record" time="0.001"/>
  <testcase name="checkStatusCode" classname="com.employee.testCases.TC003_Post_Employee_Record" time="0"/>
</testsuite>