<?xml version="1.0" encoding="UTF-8"?>
<!-- Generated by org.testng.reporters.JUnitXMLReporter -->
<testsuite hostname="dell" ignored="0" name="EmployeesRestAPITest" tests="13" failures="0" timestamp="21 Feb 2021 07:16:33 GMT" time="21.53" errors="0">
  <testcase name="checkResponseBody" time="0.009" classname="com.employee.testCases.TC005_Delete_Employee_Record"/>
  <testcase name="checkStatusCode" time="0.0" classname="com.employee.testCases.TC005_Delete_Employee_Record"/>
  <testcase name="checkResponseBody" time="0.001" classname="com.employee.testCases.TC004_Put_Employee_Record"/>
  <testcase name="checkStatusCode" time="0.0" classname="com.employee.testCases.TC004_Put_Employee_Record"/>
  <testcase name="checkStatusLine" time="0.0" classname="com.employee.testCases.TC004_Put_Employee_Record"/>
  <testcase name="checkResponseBody" time="0.008" classname="com.employee.testCases.TC001_Get_All_Employees"/>
  <testcase name="checkResponseTime" time="0.001" classname="com.employee.testCases.TC001_Get_All_Employees"/>
  <testcase name="checkStatusCode" time="0.0" classname="com.employee.testCases.TC001_Get_All_Employees"/>
  <testcase name="checkResponseBody" time="0.001" classname="com.employee.testCases.TC002_Get_Single_Employee_Record"/>
  <testcase name="checkResponseTime" time="0.0" classname="com.employee.testCases.TC002_Get_Single_Employee_Record"/>
  <testcase name="checkStatusCode" time="0.0" classname="com.employee.testCases.TC002_Get_Single_Employee_Record"/>
  <testcase name="checkResponseBody" time="0.001" classname="com.employee.testCases.TC003_Post_Employee_Record"/>
  <testcase name="checkStatusCode" time="0.001" classname="com.employee.testCases.TC003_Post_Employee_Record"/>
</testsuite> <!-- EmployeesRestAPITest -->
