<?xml version="1.0" encoding="UTF-8"?>
<!-- Generated by org.testng.reporters.JUnitReportReporter -->
<testsuite skipped="0" hostname="dell" name="com.employee.testCases.TC004_Put_Employee_Record" tests="3" failures="0" timestamp="21 Feb 2021 04:45:03 GMT" time="0.027" errors="0">
  <testcase name="checkStatusCode" time="0.008" classname="com.employee.testCases.TC004_Put_Employee_Record"/>
  <testcase name="checkStatusLine" time="0.015" classname="com.employee.testCases.TC004_Put_Employee_Record"/>
  <testcase name="checkResponseBody" time="0.004" classname="com.employee.testCases.TC004_Put_Employee_Record"/>
</testsuite> <!-- com.employee.testCases.TC004_Put_Employee_Record -->
